d:\3dgameprog\3d-project\3d-project\3d-project\x64\release\airresistance.cso
d:\3dgameprog\3d-project\3d-project\3d-project\x64\release\defferedps.cso
d:\3dgameprog\3d-project\3d-project\3d-project\x64\release\defferedvs.cso
d:\3dgameprog\3d-project\3d-project\3d-project\x64\release\geometryshader.cso
d:\3dgameprog\3d-project\3d-project\3d-project\x64\release\particlegeometry.cso
d:\3dgameprog\3d-project\3d-project\3d-project\x64\release\particleinserter.cso
d:\3dgameprog\3d-project\3d-project\3d-project\x64\release\particlepixel.cso
d:\3dgameprog\3d-project\3d-project\3d-project\x64\release\particlevertex.cso
d:\3dgameprog\3d-project\3d-project\3d-project\x64\release\pixelshader.cso
d:\3dgameprog\3d-project\3d-project\3d-project\x64\release\shadowvs.cso
d:\3dgameprog\3d-project\3d-project\3d-project\x64\release\terrainshadowvs.cso
d:\3dgameprog\3d-project\3d-project\3d-project\x64\release\terrainvs.cso
d:\3dgameprog\3d-project\3d-project\3d-project\x64\release\vertexshader.cso
d:\3dgameprog\3d-project\3d-project\3d-project\3d-project\x64\release\vc140.pdb
d:\3dgameprog\3d-project\3d-project\3d-project\3d-project\x64\release\windowclass.obj
d:\3dgameprog\3d-project\3d-project\3d-project\3d-project\x64\release\terrainhandler.obj
d:\3dgameprog\3d-project\3d-project\3d-project\3d-project\x64\release\main.obj
d:\3dgameprog\3d-project\3d-project\3d-project\3d-project\x64\release\graphicshandler.obj
d:\3dgameprog\3d-project\3d-project\3d-project\3d-project\x64\release\frustrum.obj
d:\3dgameprog\3d-project\3d-project\3d-project\3d-project\x64\release\cameraclass.obj
d:\3dgameprog\3d-project\3d-project\3d-project\x64\release\3d-project.exe
d:\3dgameprog\3d-project\3d-project\3d-project\x64\release\3d-project.ipdb
d:\3dgameprog\3d-project\3d-project\3d-project\x64\release\3d-project.iobj
d:\3dgameprog\3d-project\3d-project\3d-project\x64\release\3d-project.pdb
d:\3dgameprog\3d-project\3d-project\3d-project\3d-project\x64\release\3d-project.tlog\3d-project.write.1u.tlog
d:\3dgameprog\3d-project\3d-project\3d-project\3d-project\x64\release\3d-project.tlog\cl.command.1.tlog
d:\3dgameprog\3d-project\3d-project\3d-project\3d-project\x64\release\3d-project.tlog\cl.read.1.tlog
d:\3dgameprog\3d-project\3d-project\3d-project\3d-project\x64\release\3d-project.tlog\cl.write.1.tlog
d:\3dgameprog\3d-project\3d-project\3d-project\3d-project\x64\release\3d-project.tlog\fxc.command.1.tlog
d:\3dgameprog\3d-project\3d-project\3d-project\3d-project\x64\release\3d-project.tlog\fxc.read.1.tlog
d:\3dgameprog\3d-project\3d-project\3d-project\3d-project\x64\release\3d-project.tlog\fxc.write.1.tlog
d:\3dgameprog\3d-project\3d-project\3d-project\3d-project\x64\release\3d-project.tlog\link.command.1.tlog
d:\3dgameprog\3d-project\3d-project\3d-project\3d-project\x64\release\3d-project.tlog\link.read.1.tlog
d:\3dgameprog\3d-project\3d-project\3d-project\3d-project\x64\release\3d-project.tlog\link.write.1.tlog
